Using pre-set license
Built from '2022.3/staging' branch; Version is '2022.3.11f1 (d00248457e15) revision 13632072'; Using compiler version '192829333'; Build Type 'Release'
OS: 'Windows 11  (10.0.22631) 64bit Core' Language: 'cs' Physical Memory: 28416 MB
BatchMode: 1, IsHumanControllingUs: 0, StartBugReporterOnCrash: 0, Is64bit: 1, IsPro: 1

COMMAND LINE ARGUMENTS:
C:\Program Files\Unity\Hub\Editor\2022.3.11f1\Editor\Unity.exe
-adb2
-batchMode
-noUpm
-name
AssetImportWorker2
-projectPath
C:/Users/vasek/OneDrive/Dokumenty/GitHub/Unity3D-FPS/Projekt-35
-logFile
Logs/AssetImportWorker2.log
-srvPort
57044
Successfully changed project path to: C:/Users/vasek/OneDrive/Dokumenty/GitHub/Unity3D-FPS/Projekt-35
C:/Users/vasek/OneDrive/Dokumenty/GitHub/Unity3D-FPS/Projekt-35
[UnityMemory] Configuration Parameters - Can be set up in boot.config
    "memorysetup-bucket-allocator-granularity=16"
    "memorysetup-bucket-allocator-bucket-count=8"
    "memorysetup-bucket-allocator-block-size=33554432"
    "memorysetup-bucket-allocator-block-count=8"
    "memorysetup-main-allocator-block-size=16777216"
    "memorysetup-thread-allocator-block-size=16777216"
    "memorysetup-gfx-main-allocator-block-size=16777216"
    "memorysetup-gfx-thread-allocator-block-size=16777216"
    "memorysetup-cache-allocator-block-size=4194304"
    "memorysetup-typetree-allocator-block-size=2097152"
    "memorysetup-profiler-bucket-allocator-granularity=16"
    "memorysetup-profiler-bucket-allocator-bucket-count=8"
    "memorysetup-profiler-bucket-allocator-block-size=33554432"
    "memorysetup-profiler-bucket-allocator-block-count=8"
    "memorysetup-profiler-allocator-block-size=16777216"
    "memorysetup-profiler-editor-allocator-block-size=1048576"
    "memorysetup-temp-allocator-size-main=16777216"
    "memorysetup-job-temp-allocator-block-size=2097152"
    "memorysetup-job-temp-allocator-block-size-background=1048576"
    "memorysetup-job-temp-allocator-reduction-small-platforms=262144"
    "memorysetup-allocator-temp-initial-block-size-main=262144"
    "memorysetup-allocator-temp-initial-block-size-worker=262144"
    "memorysetup-temp-allocator-size-background-worker=32768"
    "memorysetup-temp-allocator-size-job-worker=262144"
    "memorysetup-temp-allocator-size-preload-manager=33554432"
    "memorysetup-temp-allocator-size-nav-mesh-worker=65536"
    "memorysetup-temp-allocator-size-audio-worker=65536"
    "memorysetup-temp-allocator-size-cloud-worker=32768"
    "memorysetup-temp-allocator-size-gi-baking-worker=262144"
    "memorysetup-temp-allocator-size-gfx=262144"
Player connection [28360] Host "[IP] 172.28.12.28 [Port] 0 [Flags] 2 [Guid] 1796206252 [EditorId] 1796206252 [Version] 1048832 [Id] WindowsEditor(7,Václav_Lubas) [Debug] 1 [PackageName] WindowsEditor [ProjectName] Editor" joined multi-casting on [225.0.0.222:54997]...

Player connection [28360] Host "[IP] 172.28.12.28 [Port] 0 [Flags] 2 [Guid] 1796206252 [EditorId] 1796206252 [Version] 1048832 [Id] WindowsEditor(7,Václav_Lubas) [Debug] 1 [PackageName] WindowsEditor [ProjectName] Editor" joined alternative multi-casting on [225.0.0.222:34997]...

[Physics::Module] Initialized MultithreadedJobDispatcher with 15 workers.
Refreshing native plugins compatible for Editor in 8.87 ms, found 3 plugins.
Preloading 0 native plugins for Editor in 0.00 ms.
Initialize engine version: 2022.3.11f1 (d00248457e15)
[Subsystems] Discovering subsystems at path C:/Program Files/Unity/Hub/Editor/2022.3.11f1/Editor/Data/Resources/UnitySubsystems
[Subsystems] Discovering subsystems at path C:/Users/vasek/OneDrive/Dokumenty/GitHub/Unity3D-FPS/Projekt-35/Assets
GfxDevice: creating device client; threaded=0; jobified=0
Direct3D:
    Version:  Direct3D 11.0 [level 11.1]
    Renderer: NVIDIA GeForce RTX 4050 Laptop GPU (ID=0x28e1)
    Vendor:   NVIDIA
    VRAM:     5921 MB
    Driver:   32.0.15.6094
Initialize mono
Mono path[0] = 'C:/Program Files/Unity/Hub/Editor/2022.3.11f1/Editor/Data/Managed'
Mono path[1] = 'C:/Program Files/Unity/Hub/Editor/2022.3.11f1/Editor/Data/MonoBleedingEdge/lib/mono/unityjit-win32'
Mono config path = 'C:/Program Files/Unity/Hub/Editor/2022.3.11f1/Editor/Data/MonoBleedingEdge/etc'
Using monoOptions --debugger-agent=transport=dt_socket,embedding=1,server=y,suspend=n,address=127.0.0.1:56600
Begin MonoManager ReloadAssembly
Registering precompiled unity dll's ...
Register platform support module: C:/Program Files/Unity/Hub/Editor/2022.3.11f1/Editor/Data/PlaybackEngines/WindowsStandaloneSupport/UnityEditor.WindowsStandalone.Extensions.dll
Registered in 0.007086 seconds.
- Loaded All Assemblies, in  0.487 seconds
Native extension for WindowsStandalone target not found
Mono: successfully reloaded assembly
- Finished resetting the current domain, in  0.377 seconds
Domain Reload Profiling: 863ms
	BeginReloadAssembly (152ms)
		ExecutionOrderSort (0ms)
		DisableScriptedObjects (0ms)
		BackupInstance (0ms)
		ReleaseScriptingObjects (0ms)
		CreateAndSetChildDomain (1ms)
	RebuildCommonClasses (46ms)
	RebuildNativeTypeToScriptingClass (13ms)
	initialDomainReloadingComplete (72ms)
	LoadAllAssembliesAndSetupDomain (203ms)
		LoadAssemblies (150ms)
		RebuildTransferFunctionScriptingTraits (0ms)
		AnalyzeDomain (200ms)
			TypeCache.Refresh (197ms)
				TypeCache.ScanAssembly (170ms)
			ScanForSourceGeneratedMonoScriptInfo (1ms)
			ResolveRequiredComponents (1ms)
	FinalizeReload (378ms)
		ReleaseScriptCaches (0ms)
		RebuildScriptCaches (0ms)
		SetupLoadedEditorAssemblies (276ms)
			LogAssemblyErrors (0ms)
			InitializePlatformSupportModulesInManaged (13ms)
			SetLoadedEditorAssemblies (11ms)
			RefreshPlugins (0ms)
			BeforeProcessingInitializeOnLoad (3ms)
			ProcessInitializeOnLoadAttributes (177ms)
			ProcessInitializeOnLoadMethodAttributes (71ms)
			AfterProcessingInitializeOnLoad (0ms)
			EditorAssembliesLoaded (0ms)
		ExecutionOrderSort2 (0ms)
		AwakeInstancesAfterBackupRestoration (0ms)
========================================================================
Worker process is ready to serve import requests
Begin MonoManager ReloadAssembly
Symbol file data-000001CA5EE3CE20 doesn't match image C:\Users\vasek\OneDrive\Dokumenty\GitHub\Unity3D-FPS\Projekt-35\Library\ScriptAssemblies\Unity.Timeline.dll
Symbol file LoadedFromMemory is not a mono symbol file
Symbol file data-000001C8C1142060 doesn't match image C:\Users\vasek\OneDrive\Dokumenty\GitHub\Unity3D-FPS\Projekt-35\Library\ScriptAssemblies\Unity.TestTools.CodeCoverage.Editor.OpenCover.Mono.Reflection.dll
Symbol file LoadedFromMemory is not a mono symbol file
Symbol file data-000001C8C2991820 doesn't match image C:\Users\vasek\OneDrive\Dokumenty\GitHub\Unity3D-FPS\Projekt-35\Library\ScriptAssemblies\UnityEngine.UI.dll
Symbol file LoadedFromMemory is not a mono symbol file
Symbol file data-000001CA5FC13020 doesn't match image C:\Users\vasek\OneDrive\Dokumenty\GitHub\Unity3D-FPS\Projekt-35\Library\ScriptAssemblies\Unity.VisualScripting.SettingsProvider.Editor.dll
Symbol file LoadedFromMemory is not a mono symbol file
Symbol file data-000001C8C2991820 doesn't match image C:\Users\vasek\OneDrive\Dokumenty\GitHub\Unity3D-FPS\Projekt-35\Library\ScriptAssemblies\Unity.Performance.Profile-Analyzer.Editor.dll
Symbol file LoadedFromMemory is not a mono symbol file
Symbol file data-000001CA5EE3CE20 doesn't match image C:\Users\vasek\OneDrive\Dokumenty\GitHub\Unity3D-FPS\Projekt-35\Library\ScriptAssemblies\Unity.TestTools.CodeCoverage.Editor.dll
Symbol file LoadedFromMemory is not a mono symbol file
Symbol file data-000001C8C29B4830 doesn't match image C:\Users\vasek\OneDrive\Dokumenty\GitHub\Unity3D-FPS\Projekt-35\Library\ScriptAssemblies\Unity.TestTools.CodeCoverage.Editor.OpenCover.Model.dll
Symbol file LoadedFromMemory is not a mono symbol file
Symbol file data-000001CA3C275010 doesn't match image C:\Users\vasek\OneDrive\Dokumenty\GitHub\Unity3D-FPS\Projekt-35\Library\ScriptAssemblies\Unity.PlasticSCM.Editor.dll
Symbol file LoadedFromMemory is not a mono symbol file
Symbol file data-000001C8C1089430 doesn't match image C:\Users\vasek\OneDrive\Dokumenty\GitHub\Unity3D-FPS\Projekt-35\Library\ScriptAssemblies\Unity.VisualScripting.State.Editor.dll
Symbol file LoadedFromMemory is not a mono symbol file
Symbol file data-000001C8C1B87010 doesn't match image C:\Users\vasek\OneDrive\Dokumenty\GitHub\Unity3D-FPS\Projekt-35\Library\ScriptAssemblies\Unity.Timeline.Editor.dll
Symbol file LoadedFromMemory is not a mono symbol file
Symbol file data-000001C8C1089430 doesn't match image C:\Users\vasek\OneDrive\Dokumenty\GitHub\Unity3D-FPS\Projekt-35\Library\ScriptAssemblies\Unity.VisualScripting.Shared.Editor.dll
Symbol file LoadedFromMemory is not a mono symbol file
Symbol file data-000001C8C1089430 doesn't match image C:\Users\vasek\OneDrive\Dokumenty\GitHub\Unity3D-FPS\Projekt-35\Library\ScriptAssemblies\Unity.CollabProxy.Editor.dll
Symbol file LoadedFromMemory is not a mono symbol file
Symbol file data-000001C8C1089430 doesn't match image C:\Users\vasek\OneDrive\Dokumenty\GitHub\Unity3D-FPS\Projekt-35\Library\ScriptAssemblies\Unity.VisualStudio.Editor.dll
Symbol file LoadedFromMemory is not a mono symbol file
Symbol file data-000001C8C18BC010 doesn't match image C:\Users\vasek\OneDrive\Dokumenty\GitHub\Unity3D-FPS\Projekt-35\Library\ScriptAssemblies\Unity.TextMeshPro.dll
Symbol file LoadedFromMemory is not a mono symbol file
Symbol file data-000001C8C18BC010 doesn't match image C:\Users\vasek\OneDrive\Dokumenty\GitHub\Unity3D-FPS\Projekt-35\Library\ScriptAssemblies\Unity.VisualScripting.Core.dll
Symbol file LoadedFromMemory is not a mono symbol file
Symbol file data-000001C8C1745A20 doesn't match image C:\Users\vasek\OneDrive\Dokumenty\GitHub\Unity3D-FPS\Projekt-35\Library\ScriptAssemblies\Unity.TextMeshPro.Editor.dll
Symbol file LoadedFromMemory is not a mono symbol file
Symbol file data-000001C8C1091440 doesn't match image C:\Users\vasek\OneDrive\Dokumenty\GitHub\Unity3D-FPS\Projekt-35\Library\ScriptAssemblies\UnityEditor.UI.dll
Symbol file LoadedFromMemory is not a mono symbol file
Symbol file data-000001C8C18BC010 doesn't match image C:\Users\vasek\OneDrive\Dokumenty\GitHub\Unity3D-FPS\Projekt-35\Library\ScriptAssemblies\Unity.VisualScripting.Core.Editor.dll
Symbol file LoadedFromMemory is not a mono symbol file
Symbol file data-000001CA3C2D1640 doesn't match image C:\Users\vasek\OneDrive\Dokumenty\GitHub\Unity3D-FPS\Projekt-35\Library\ScriptAssemblies\Unity.VisualScripting.State.dll
Symbol file LoadedFromMemory is not a mono symbol file
Symbol file data-000001CA3C2DDC50 doesn't match image C:\Users\vasek\OneDrive\Dokumenty\GitHub\Unity3D-FPS\Projekt-35\Library\ScriptAssemblies\Unity.VSCode.Editor.dll
Symbol file LoadedFromMemory is not a mono symbol file
Symbol file data-000001C8C177A010 doesn't match image C:\Users\vasek\OneDrive\Dokumenty\GitHub\Unity3D-FPS\Projekt-35\Library\ScriptAssemblies\Unity.VisualScripting.Flow.dll
Symbol file LoadedFromMemory is not a mono symbol file
Symbol file data-000001C8C1914A70 doesn't match image C:\Users\vasek\OneDrive\Dokumenty\GitHub\Unity3D-FPS\Projekt-35\Library\ScriptAssemblies\Unity.VisualScripting.Flow.Editor.dll
Symbol file LoadedFromMemory is not a mono symbol file
- Loaded All Assemblies, in  0.770 seconds
Refreshing native plugins compatible for Editor in 3.98 ms, found 3 plugins.
Native extension for WindowsStandalone target not found
Package Manager log level set to [2]
[Package Manager] Server::EnsureServerProcessIsRunning -- launch failed, reason: Unity was launched with the -noUpm command-line argument
[Package Manager] UpmClient::Send -- Unable to send message (not connected to UPM process).
[Package Manager] Cannot connect to Unity Package Manager local server
Mono: successfully reloaded assembly
- Finished resetting the current domain, in  1.217 seconds
Domain Reload Profiling: 1987ms
	BeginReloadAssembly (189ms)
		ExecutionOrderSort (0ms)
		DisableScriptedObjects (8ms)
		BackupInstance (0ms)
		ReleaseScriptingObjects (0ms)
		CreateAndSetChildDomain (29ms)
	RebuildCommonClasses (42ms)
	RebuildNativeTypeToScriptingClass (14ms)
	initialDomainReloadingComplete (52ms)
	LoadAllAssembliesAndSetupDomain (471ms)
		LoadAssemblies (371ms)
		RebuildTransferFunctionScriptingTraits (0ms)
		AnalyzeDomain (207ms)
			TypeCache.Refresh (180ms)
				TypeCache.ScanAssembly (164ms)
			ScanForSourceGeneratedMonoScriptInfo (20ms)
			ResolveRequiredComponents (6ms)
	FinalizeReload (1219ms)
		ReleaseScriptCaches (0ms)
		RebuildScriptCaches (0ms)
		SetupLoadedEditorAssemblies (1028ms)
			LogAssemblyErrors (0ms)
			InitializePlatformSupportModulesInManaged (7ms)
			SetLoadedEditorAssemblies (5ms)
			RefreshPlugins (0ms)
			BeforeProcessingInitializeOnLoad (108ms)
			ProcessInitializeOnLoadAttributes (867ms)
			ProcessInitializeOnLoadMethodAttributes (33ms)
			AfterProcessingInitializeOnLoad (7ms)
			EditorAssembliesLoaded (0ms)
		ExecutionOrderSort2 (0ms)
		AwakeInstancesAfterBackupRestoration (9ms)
Launched and connected shader compiler UnityShaderCompiler.exe after 0.11 seconds
Refreshing native plugins compatible for Editor in 5.71 ms, found 3 plugins.
Preloading 0 native plugins for Editor in 0.00 ms.
Unloading 3156 Unused Serialized files (Serialized files now loaded: 0)
Unloading 32 unused Assets / (57.1 KB). Loaded Objects now: 3636.
Memory consumption went from 136.3 MB to 136.2 MB.
Total: 13.385300 ms (FindLiveObjects: 1.398800 ms CreateObjectMapping: 0.346100 ms MarkObjects: 11.256900 ms  DeleteObjects: 0.380200 ms)

AssetImportParameters requested are different than current active one (requested -> active):
  custom:container-demuxer-ogg: 62fdf1f143b41e24485cea50d1cbac27 -> 
  custom:video-codec-MediaFoundation-h265: 746d11721c4dcdbdad8f713fa42b33f4 -> 
  custom:video-decoder-ogg-theora: a1e56fd34408186e4bbccfd4996cb3dc -> 
  custom:framework-win-MediaFoundation: 216162199b28c13a410421893ffa2e32 -> 
  custom:CustomObjectIndexerAttribute: 756ad292c208cfabdd7b50bc23989ffe -> 
  custom:container-demuxer-webm: 4f35f7cbe854078d1ac9338744f61a02 -> 
  custom:container-muxer-webm: aa71ff27fc2769a1b78a27578f13a17b -> 
  custom:video-decoder-webm-vp8: 9c59270c3fd7afecdb556c50c9e8de78 -> 
  custom:SearchIndexIgnoredProperties: e643bd26f0fe6173181afceb89e7c659 -> 
  custom:AudioImporter_EditorPlatform: d09bf68614088b80899f8185d706f6e7 -> 
  custom:video-encoder-webm-vp8: eb34c28f22e8b96e1ab97ce403110664 -> 
  custom:audio-decoder-ogg-vorbis: bf7c407c2cedff20999df2af8eb42d56 -> 
  custom:audio-encoder-webm-vorbis: bf7c407c2cedff20999df2af8eb42d56 -> 
========================================================================
Received Import Request.
  Time since last request: 917479.479821 seconds.
  path: Assets/Sand textures pack/Sand 01
  artifactKey: Guid(99c53a1c9d84e364f9b081d99bc4b85e) Importer(815301076,1909f56bfc062723c751e8b465ee728b)
Start importing Assets/Sand textures pack/Sand 01 using Guid(99c53a1c9d84e364f9b081d99bc4b85e) Importer(815301076,1909f56bfc062723c751e8b465ee728b)  -> (artifact id: 'b503bb996b668fcc6176e29619d9afd7') in 0.005770 seconds
Number of updated asset objects reloaded before import = 0
Number of asset objects unloaded after import = 0
========================================================================
Received Import Request.
  Time since last request: 0.073641 seconds.
  path: Assets/Sand textures pack/Sand 01/diffuse.tga
  artifactKey: Guid(290c02f76666bf444b5d58aaf8ee8151) Importer(815301076,1909f56bfc062723c751e8b465ee728b)
Start importing Assets/Sand textures pack/Sand 01/diffuse.tga using Guid(290c02f76666bf444b5d58aaf8ee8151) Importer(815301076,1909f56bfc062723c751e8b465ee728b)  -> (artifact id: 'a2f15117ae2e66aebcbc53004baeae82') in 0.129792 seconds
Number of updated asset objects reloaded before import = 0
Number of asset objects unloaded after import = 2
========================================================================
Received Import Request.
  Time since last request: 68.437037 seconds.
  path: Assets/TextMesh Pro/Examples & Extras/Resources/Fonts & Materials/Anton SDF.asset
  artifactKey: Guid(8a89fa14b10d46a99122fd4f73fca9a2) Importer(815301076,1909f56bfc062723c751e8b465ee728b)
Start importing Assets/TextMesh Pro/Examples & Extras/Resources/Fonts & Materials/Anton SDF.asset using Guid(8a89fa14b10d46a99122fd4f73fca9a2) Importer(815301076,1909f56bfc062723c751e8b465ee728b)  -> (artifact id: '0f07e31006cf5c240929ab1921e7a80c') in 0.208232 seconds
Number of updated asset objects reloaded before import = 0
Number of asset objects unloaded after import = 6
========================================================================
Received Import Request.
  Time since last request: 40.846899 seconds.
  path: Assets/Sand textures pack/Sand 02/diffuse.tga
  artifactKey: Guid(249658be85c3a614fb5a8d8eb3cf0f52) Importer(815301076,1909f56bfc062723c751e8b465ee728b)
Start importing Assets/Sand textures pack/Sand 02/diffuse.tga using Guid(249658be85c3a614fb5a8d8eb3cf0f52) Importer(815301076,1909f56bfc062723c751e8b465ee728b)  -> (artifact id: 'b26cef9583a4bdef71806b6c58a68780') in 0.040959 seconds
Number of updated asset objects reloaded before import = 0
Number of asset objects unloaded after import = 2
========================================================================
Received Import Request.
  Time since last request: 0.000100 seconds.
  path: Assets/Sand textures pack/Sand 04/diffuse.tga
  artifactKey: Guid(b3a688c8751b80348b50c839645b1893) Importer(815301076,1909f56bfc062723c751e8b465ee728b)
Start importing Assets/Sand textures pack/Sand 04/diffuse.tga using Guid(b3a688c8751b80348b50c839645b1893) Importer(815301076,1909f56bfc062723c751e8b465ee728b)  -> (artifact id: '6da90aea905f80d5487428cab0fb7ad5') in 0.036629 seconds
Number of updated asset objects reloaded before import = 0
Number of asset objects unloaded after import = 2
========================================================================
Received Import Request.
  Time since last request: 0.000115 seconds.
  path: Assets/Sand textures pack/Sand 08/diffuse.tga
  artifactKey: Guid(02b230a6dbc126f49ac17778565ed96e) Importer(815301076,1909f56bfc062723c751e8b465ee728b)
Start importing Assets/Sand textures pack/Sand 08/diffuse.tga using Guid(02b230a6dbc126f49ac17778565ed96e) Importer(815301076,1909f56bfc062723c751e8b465ee728b)  -> (artifact id: '9ce9fc96cf2793e36ef18869e16cd37c') in 0.032070 seconds
Number of updated asset objects reloaded before import = 0
Number of asset objects unloaded after import = 2
========================================================================
Received Import Request.
  Time since last request: 0.069662 seconds.
  path: Assets/Sand textures pack/Sand 05/diffuse.tga
  artifactKey: Guid(c16540716d43a52419d74c2940ffe2b2) Importer(815301076,1909f56bfc062723c751e8b465ee728b)
Start importing Assets/Sand textures pack/Sand 05/diffuse.tga using Guid(c16540716d43a52419d74c2940ffe2b2) Importer(815301076,1909f56bfc062723c751e8b465ee728b)  -> (artifact id: '17e106b06a764f1ec7d30ac95dc2a3f7') in 0.033181 seconds
Number of updated asset objects reloaded before import = 0
Number of asset objects unloaded after import = 2
========================================================================
Received Import Request.
  Time since last request: 0.001187 seconds.
  path: Assets/Sand textures pack/Sand 06/diffuse.tga
  artifactKey: Guid(ad000eaa5a11e6541a69dcd7ffa18a80) Importer(815301076,1909f56bfc062723c751e8b465ee728b)
Start importing Assets/Sand textures pack/Sand 06/diffuse.tga using Guid(ad000eaa5a11e6541a69dcd7ffa18a80) Importer(815301076,1909f56bfc062723c751e8b465ee728b)  -> (artifact id: '8f04c45cf442697f8fd832e7de157b4e') in 0.032625 seconds
Number of updated asset objects reloaded before import = 0
Number of asset objects unloaded after import = 2
========================================================================
Received Import Request.
  Time since last request: 0.016205 seconds.
  path: Assets/TextMesh Pro/Sprites/EmojiOne.png
  artifactKey: Guid(dffef66376be4fa480fb02b19edbe903) Importer(815301076,1909f56bfc062723c751e8b465ee728b)
Start importing Assets/TextMesh Pro/Sprites/EmojiOne.png using Guid(dffef66376be4fa480fb02b19edbe903) Importer(815301076,1909f56bfc062723c751e8b465ee728b)  -> (artifact id: '20c005dfd81374012843eb235533966a') in 0.059669 seconds
Number of updated asset objects reloaded before import = 0
Number of asset objects unloaded after import = 2
========================================================================
Received Import Request.
  Time since last request: 0.000048 seconds.
  path: Assets/TextMesh Pro/Examples & Extras/Textures/Floor Cement.jpg
  artifactKey: Guid(283f897e4925411ebbaa758b4cb13fc2) Importer(815301076,1909f56bfc062723c751e8b465ee728b)
Start importing Assets/TextMesh Pro/Examples & Extras/Textures/Floor Cement.jpg using Guid(283f897e4925411ebbaa758b4cb13fc2) Importer(815301076,1909f56bfc062723c751e8b465ee728b)  -> (artifact id: 'beafad4a504561426a3241b8f1fb15d5') in 0.044461 seconds
Number of updated asset objects reloaded before import = 0
Number of asset objects unloaded after import = 2
========================================================================
Received Import Request.
  Time since last request: 7.574467 seconds.
  path: Assets/Sand textures pack/Sand 01/NewBrush.brush
  artifactKey: Guid(733438a2d7e97f5488cc95e3c44594fe) Importer(815301076,1909f56bfc062723c751e8b465ee728b)
Start importing Assets/Sand textures pack/Sand 01/NewBrush.brush using Guid(733438a2d7e97f5488cc95e3c44594fe) Importer(815301076,1909f56bfc062723c751e8b465ee728b)  -> (artifact id: '53017ce932936a6cf639ffcb317c2994') in 0.041064 seconds
Number of updated asset objects reloaded before import = 0
Number of asset objects unloaded after import = 2
========================================================================
Received Import Request.
  Time since last request: 28.948162 seconds.
  path: Assets/Sand textures pack/Sand 03/normal.tga
  artifactKey: Guid(6de787b941a84ab47aa819718eab2994) Importer(815301076,1909f56bfc062723c751e8b465ee728b)
Start importing Assets/Sand textures pack/Sand 03/normal.tga using Guid(6de787b941a84ab47aa819718eab2994) Importer(815301076,1909f56bfc062723c751e8b465ee728b)  -> (artifact id: '5dfb1bd0100ab775758a00f3b8aa6890') in 0.065332 seconds
Number of updated asset objects reloaded before import = 0
Number of asset objects unloaded after import = 2
========================================================================
Received Import Request.
  Time since last request: 36.008980 seconds.
  path: Packages/com.unity.visualscripting/Editor/VisualScripting.Core/IconMap/AnimatorMessageListener@32x.png
  artifactKey: Guid(9059e055aa673b3469a5c2896c0b8fb5) Importer(815301076,1909f56bfc062723c751e8b465ee728b)
Start importing Packages/com.unity.visualscripting/Editor/VisualScripting.Core/IconMap/AnimatorMessageListener@32x.png using Guid(9059e055aa673b3469a5c2896c0b8fb5) Importer(815301076,1909f56bfc062723c751e8b465ee728b)  -> (artifact id: '43936e37e95d28b8e9bf155e5976e6fb') in 0.032423 seconds
Number of updated asset objects reloaded before import = 0
Number of asset objects unloaded after import = 2
========================================================================
Received Import Request.
  Time since last request: 0.014387 seconds.
  path: Packages/com.unity.textmeshpro/Editor Resources/Textures/btn_AlignBottom.psd
  artifactKey: Guid(ca51b19024094d1b87f3e07edb0a75fb) Importer(815301076,1909f56bfc062723c751e8b465ee728b)
Start importing Packages/com.unity.textmeshpro/Editor Resources/Textures/btn_AlignBottom.psd using Guid(ca51b19024094d1b87f3e07edb0a75fb) Importer(815301076,1909f56bfc062723c751e8b465ee728b)  -> (artifact id: '585cdd848cafcfa779b78f596ff56317') in 0.033201 seconds
Number of updated asset objects reloaded before import = 0
Number of asset objects unloaded after import = 2
========================================================================
Received Import Request.
  Time since last request: 0.014866 seconds.
  path: Packages/com.unity.textmeshpro/Editor Resources/Textures/btn_AlignCapLine_Light.psd
  artifactKey: Guid(49679f302ac6408697f6b9314a38985c) Importer(815301076,1909f56bfc062723c751e8b465ee728b)
Start importing Packages/com.unity.textmeshpro/Editor Resources/Textures/btn_AlignCapLine_Light.psd using Guid(49679f302ac6408697f6b9314a38985c) Importer(815301076,1909f56bfc062723c751e8b465ee728b)  -> (artifact id: 'd9993c33cc21ac792d0e52c5035f054d') in 0.030387 seconds
Number of updated asset objects reloaded before import = 0
Number of asset objects unloaded after import = 2
========================================================================
Received Import Request.
  Time since last request: 0.012325 seconds.
  path: Packages/com.unity.textmeshpro/Editor Resources/Textures/btn_AlignCenterGeo.psd
  artifactKey: Guid(c76700ea0062413d9f69409b4e9e151b) Importer(815301076,1909f56bfc062723c751e8b465ee728b)
Start importing Packages/com.unity.textmeshpro/Editor Resources/Textures/btn_AlignCenterGeo.psd using Guid(c76700ea0062413d9f69409b4e9e151b) Importer(815301076,1909f56bfc062723c751e8b465ee728b)  -> (artifact id: '98600c16c80398296b0ceeafd09492eb') in 0.032346 seconds
Number of updated asset objects reloaded before import = 0
Number of asset objects unloaded after import = 2
========================================================================
Received Import Request.
  Time since last request: 0.007796 seconds.
  path: Packages/com.unity.textmeshpro/Editor Resources/Textures/btn_AlignFlush_Light.psd
  artifactKey: Guid(64b9fad609434c489c32b1cdf2004a1c) Importer(815301076,1909f56bfc062723c751e8b465ee728b)
Start importing Packages/com.unity.textmeshpro/Editor Resources/Textures/btn_AlignFlush_Light.psd using Guid(64b9fad609434c489c32b1cdf2004a1c) Importer(815301076,1909f56bfc062723c751e8b465ee728b)  -> (artifact id: '9a4650376cde3e255ad7eae732a25931') in 0.034895 seconds
Number of updated asset objects reloaded before import = 0
Number of asset objects unloaded after import = 2
========================================================================
Received Import Request.
  Time since last request: 4.260290 seconds.
  path: Packages/com.unity.textmeshpro/Editor Resources/Textures/btn_AlignLeft.psd
  artifactKey: Guid(9288066c33474b94b6ee5465f4df1cc0) Importer(815301076,1909f56bfc062723c751e8b465ee728b)
Start importing Packages/com.unity.textmeshpro/Editor Resources/Textures/btn_AlignLeft.psd using Guid(9288066c33474b94b6ee5465f4df1cc0) Importer(815301076,1909f56bfc062723c751e8b465ee728b)  -> (artifact id: '8bf0e945fd4841b1ac7e7e9bfffd0189') in 0.041087 seconds
Number of updated asset objects reloaded before import = 0
Number of asset objects unloaded after import = 2
========================================================================
Received Import Request.
  Time since last request: 0.014168 seconds.
  path: Packages/com.unity.textmeshpro/Editor Resources/Textures/btn_AlignMiddle.psd
  artifactKey: Guid(41b96614b2e6494ba995ddcd252d11ae) Importer(815301076,1909f56bfc062723c751e8b465ee728b)
Start importing Packages/com.unity.textmeshpro/Editor Resources/Textures/btn_AlignMiddle.psd using Guid(41b96614b2e6494ba995ddcd252d11ae) Importer(815301076,1909f56bfc062723c751e8b465ee728b)  -> (artifact id: '332acec9dbae5e00e428c80700842c3f') in 0.037334 seconds
Number of updated asset objects reloaded before import = 0
Number of asset objects unloaded after import = 2
========================================================================
Received Import Request.
  Time since last request: 0.513131 seconds.
  path: Packages/com.unity.textmeshpro/Editor Resources/Textures/btn_AlignMidLine.psd
  artifactKey: Guid(c2f7f6a88b4c4f20a53deb72f3d9144c) Importer(815301076,1909f56bfc062723c751e8b465ee728b)
Start importing Packages/com.unity.textmeshpro/Editor Resources/Textures/btn_AlignMidLine.psd using Guid(c2f7f6a88b4c4f20a53deb72f3d9144c) Importer(815301076,1909f56bfc062723c751e8b465ee728b)  -> (artifact id: '3b7d88acfe460b21e8bdae5316d86b4e') in 0.041387 seconds
Number of updated asset objects reloaded before import = 0
Number of asset objects unloaded after import = 2
========================================================================
Received Import Request.
  Time since last request: 258.473405 seconds.
  path: Assets/Sand textures pack/Sand 02/normal.tga
  artifactKey: Guid(427cf221b0e5f4b4da9d0821562ddc18) Importer(815301076,1909f56bfc062723c751e8b465ee728b)
Start importing Assets/Sand textures pack/Sand 02/normal.tga using Guid(427cf221b0e5f4b4da9d0821562ddc18) Importer(815301076,1909f56bfc062723c751e8b465ee728b)  -> (artifact id: '034e05cd101864bec82b040169a5dd92') in 0.046368 seconds
Number of updated asset objects reloaded before import = 0
Number of asset objects unloaded after import = 2
========================================================================
Received Import Request.
  Time since last request: 0.000060 seconds.
  path: Assets/Sand textures pack/Sand 02/Sand pattern 02.mat
  artifactKey: Guid(621a6429119a1554e8384aa7b111e775) Importer(815301076,1909f56bfc062723c751e8b465ee728b)
Start importing Assets/Sand textures pack/Sand 02/Sand pattern 02.mat using Guid(621a6429119a1554e8384aa7b111e775) Importer(815301076,1909f56bfc062723c751e8b465ee728b)  -> (artifact id: 'debdcfc1099ff774943b29cf9c7f8047') in 0.244085 seconds
Number of updated asset objects reloaded before import = 0
Number of asset objects unloaded after import = 3
========================================================================
Received Prepare
Begin MonoManager ReloadAssembly
Symbol file data-000001C8CC2DD020 doesn't match image C:\Users\vasek\OneDrive\Dokumenty\GitHub\Unity3D-FPS\Projekt-35\Library\ScriptAssemblies\Unity.Timeline.dll
Symbol file LoadedFromMemory is not a mono symbol file
Symbol file data-000001C8C1F42820 doesn't match image C:\Users\vasek\OneDrive\Dokumenty\GitHub\Unity3D-FPS\Projekt-35\Library\ScriptAssemblies\Unity.TestTools.CodeCoverage.Editor.OpenCover.Mono.Reflection.dll
Symbol file LoadedFromMemory is not a mono symbol file
Symbol file data-000001C8C161E010 doesn't match image C:\Users\vasek\OneDrive\Dokumenty\GitHub\Unity3D-FPS\Projekt-35\Library\ScriptAssemblies\UnityEngine.UI.dll
Symbol file LoadedFromMemory is not a mono symbol file
Symbol file data-000001CA5F735020 doesn't match image C:\Users\vasek\OneDrive\Dokumenty\GitHub\Unity3D-FPS\Projekt-35\Library\ScriptAssemblies\Unity.VisualScripting.SettingsProvider.Editor.dll
Symbol file LoadedFromMemory is not a mono symbol file
Symbol file data-000001C8C161E010 doesn't match image C:\Users\vasek\OneDrive\Dokumenty\GitHub\Unity3D-FPS\Projekt-35\Library\ScriptAssemblies\Unity.Performance.Profile-Analyzer.Editor.dll
Symbol file LoadedFromMemory is not a mono symbol file
Symbol file data-000001CA5F6DA010 doesn't match image C:\Users\vasek\OneDrive\Dokumenty\GitHub\Unity3D-FPS\Projekt-35\Library\ScriptAssemblies\Unity.TestTools.CodeCoverage.Editor.dll
Symbol file LoadedFromMemory is not a mono symbol file
Symbol file data-000001C8C0FFC040 doesn't match image C:\Users\vasek\OneDrive\Dokumenty\GitHub\Unity3D-FPS\Projekt-35\Library\ScriptAssemblies\Unity.TestTools.CodeCoverage.Editor.OpenCover.Model.dll
Symbol file LoadedFromMemory is not a mono symbol file
Symbol file data-000001CA5F634010 doesn't match image C:\Users\vasek\OneDrive\Dokumenty\GitHub\Unity3D-FPS\Projekt-35\Library\ScriptAssemblies\Unity.PlasticSCM.Editor.dll
Symbol file LoadedFromMemory is not a mono symbol file
Symbol file data-000001CA806BB0B0 doesn't match image C:\Users\vasek\OneDrive\Dokumenty\GitHub\Unity3D-FPS\Projekt-35\Library\ScriptAssemblies\Unity.VisualScripting.State.Editor.dll
Symbol file LoadedFromMemory is not a mono symbol file
Symbol file data-000001CA3C275010 doesn't match image C:\Users\vasek\OneDrive\Dokumenty\GitHub\Unity3D-FPS\Projekt-35\Library\ScriptAssemblies\Unity.Timeline.Editor.dll
Symbol file LoadedFromMemory is not a mono symbol file
Symbol file data-000001C8C0FFC040 doesn't match image C:\Users\vasek\OneDrive\Dokumenty\GitHub\Unity3D-FPS\Projekt-35\Library\ScriptAssemblies\Unity.VisualScripting.Shared.Editor.dll
Symbol file LoadedFromMemory is not a mono symbol file
Symbol file data-000001C8C0FFC040 doesn't match image C:\Users\vasek\OneDrive\Dokumenty\GitHub\Unity3D-FPS\Projekt-35\Library\ScriptAssemblies\Unity.CollabProxy.Editor.dll
Symbol file LoadedFromMemory is not a mono symbol file
Symbol file data-000001C8C1641020 doesn't match image C:\Users\vasek\OneDrive\Dokumenty\GitHub\Unity3D-FPS\Projekt-35\Library\ScriptAssemblies\Unity.VisualStudio.Editor.dll
Symbol file LoadedFromMemory is not a mono symbol file
Symbol file data-000001C8CB629430 doesn't match image C:\Users\vasek\OneDrive\Dokumenty\GitHub\Unity3D-FPS\Projekt-35\Library\ScriptAssemblies\Unity.TextMeshPro.dll
Symbol file LoadedFromMemory is not a mono symbol file
Symbol file data-000001C8CAF95010 doesn't match image C:\Users\vasek\OneDrive\Dokumenty\GitHub\Unity3D-FPS\Projekt-35\Library\ScriptAssemblies\Unity.VisualScripting.Core.dll
Symbol file LoadedFromMemory is not a mono symbol file
Symbol file data-000001C8C3442020 doesn't match image C:\Users\vasek\OneDrive\Dokumenty\GitHub\Unity3D-FPS\Projekt-35\Library\ScriptAssemblies\Unity.TextMeshPro.Editor.dll
Symbol file LoadedFromMemory is not a mono symbol file
Symbol file data-000001C8C192A620 doesn't match image C:\Users\vasek\OneDrive\Dokumenty\GitHub\Unity3D-FPS\Projekt-35\Library\ScriptAssemblies\UnityEditor.UI.dll
Symbol file LoadedFromMemory is not a mono symbol file
Symbol file data-000001CA5F05C010 doesn't match image C:\Users\vasek\OneDrive\Dokumenty\GitHub\Unity3D-FPS\Projekt-35\Library\ScriptAssemblies\Unity.VisualScripting.Core.Editor.dll
Symbol file LoadedFromMemory is not a mono symbol file
Symbol file data-000001C8C0FFC040 doesn't match image C:\Users\vasek\OneDrive\Dokumenty\GitHub\Unity3D-FPS\Projekt-35\Library\ScriptAssemblies\Unity.VisualScripting.State.dll
Symbol file LoadedFromMemory is not a mono symbol file
Symbol file data-000001C8C0FFC040 doesn't match image C:\Users\vasek\OneDrive\Dokumenty\GitHub\Unity3D-FPS\Projekt-35\Library\ScriptAssemblies\Unity.VSCode.Editor.dll
Symbol file LoadedFromMemory is not a mono symbol file
Symbol file data-000001C8CAC78050 doesn't match image C:\Users\vasek\OneDrive\Dokumenty\GitHub\Unity3D-FPS\Projekt-35\Library\ScriptAssemblies\Unity.VisualScripting.Flow.dll
Symbol file LoadedFromMemory is not a mono symbol file
Symbol file data-000001C8CAC78050 doesn't match image C:\Users\vasek\OneDrive\Dokumenty\GitHub\Unity3D-FPS\Projekt-35\Library\ScriptAssemblies\Unity.VisualScripting.Flow.Editor.dll
Symbol file LoadedFromMemory is not a mono symbol file
- Loaded All Assemblies, in  0.788 seconds
Refreshing native plugins compatible for Editor in 4.44 ms, found 3 plugins.
Native extension for WindowsStandalone target not found
[Package Manager] Server::EnsureServerProcessIsRunning -- launch failed, reason: Unity was launched with the -noUpm command-line argument
[Package Manager] UpmClient::Send -- Unable to send message (not connected to UPM process).
[Package Manager] Cannot connect to Unity Package Manager local server
Mono: successfully reloaded assembly
- Finished resetting the current domain, in  1.984 seconds
Domain Reload Profiling: 2768ms
	BeginReloadAssembly (275ms)
		ExecutionOrderSort (0ms)
		DisableScriptedObjects (10ms)
		BackupInstance (0ms)
		ReleaseScriptingObjects (0ms)
		CreateAndSetChildDomain (89ms)
	RebuildCommonClasses (56ms)
	RebuildNativeTypeToScriptingClass (15ms)
	initialDomainReloadingComplete (46ms)
	LoadAllAssembliesAndSetupDomain (392ms)
		LoadAssemblies (510ms)
		RebuildTransferFunctionScriptingTraits (0ms)
		AnalyzeDomain (14ms)
			TypeCache.Refresh (6ms)
				TypeCache.ScanAssembly (0ms)
			ScanForSourceGeneratedMonoScriptInfo (0ms)
			ResolveRequiredComponents (6ms)
	FinalizeReload (1985ms)
		ReleaseScriptCaches (0ms)
		RebuildScriptCaches (0ms)
		SetupLoadedEditorAssemblies (1116ms)
			LogAssemblyErrors (0ms)
			InitializePlatformSupportModulesInManaged (11ms)
			SetLoadedEditorAssemblies (9ms)
			RefreshPlugins (0ms)
			BeforeProcessingInitializeOnLoad (132ms)
			ProcessInitializeOnLoadAttributes (917ms)
			ProcessInitializeOnLoadMethodAttributes (37ms)
			AfterProcessingInitializeOnLoad (10ms)
			EditorAssembliesLoaded (0ms)
		ExecutionOrderSort2 (0ms)
		AwakeInstancesAfterBackupRestoration (10ms)
Refreshing native plugins compatible for Editor in 5.48 ms, found 3 plugins.
Preloading 0 native plugins for Editor in 0.00 ms.
Unloading 3135 Unused Serialized files (Serialized files now loaded: 0)
Unloading 23 unused Assets / (31.0 KB). Loaded Objects now: 3694.
Memory consumption went from 139.6 MB to 139.6 MB.
Total: 5.524700 ms (FindLiveObjects: 0.422700 ms CreateObjectMapping: 0.305400 ms MarkObjects: 4.697900 ms  DeleteObjects: 0.097100 ms)

Prepare: number of updated asset objects reloaded= 0
AssetImportParameters requested are different than current active one (requested -> active):
  custom:container-demuxer-ogg: 62fdf1f143b41e24485cea50d1cbac27 -> 
  custom:video-codec-MediaFoundation-h265: 746d11721c4dcdbdad8f713fa42b33f4 -> 
  custom:video-decoder-ogg-theora: a1e56fd34408186e4bbccfd4996cb3dc -> 
  custom:framework-win-MediaFoundation: 216162199b28c13a410421893ffa2e32 -> 
  custom:CustomObjectIndexerAttribute: 756ad292c208cfabdd7b50bc23989ffe -> 
  custom:container-demuxer-webm: 4f35f7cbe854078d1ac9338744f61a02 -> 
  custom:container-muxer-webm: aa71ff27fc2769a1b78a27578f13a17b -> 
  custom:video-decoder-webm-vp8: 9c59270c3fd7afecdb556c50c9e8de78 -> 
  custom:SearchIndexIgnoredProperties: e643bd26f0fe6173181afceb89e7c659 -> 
  custom:AudioImporter_EditorPlatform: d09bf68614088b80899f8185d706f6e7 -> 
  custom:video-encoder-webm-vp8: eb34c28f22e8b96e1ab97ce403110664 -> 
  custom:audio-decoder-ogg-vorbis: bf7c407c2cedff20999df2af8eb42d56 -> 
  custom:audio-encoder-webm-vorbis: bf7c407c2cedff20999df2af8eb42d56 -> 
========================================================================
Received Prepare
Begin MonoManager ReloadAssembly
Symbol file data-000001C8C3442020 doesn't match image C:\Users\vasek\OneDrive\Dokumenty\GitHub\Unity3D-FPS\Projekt-35\Library\ScriptAssemblies\Unity.Timeline.dll
Symbol file LoadedFromMemory is not a mono symbol file
Symbol file data-000001C8CC1101D0 doesn't match image C:\Users\vasek\OneDrive\Dokumenty\GitHub\Unity3D-FPS\Projekt-35\Library\ScriptAssemblies\Unity.TestTools.CodeCoverage.Editor.OpenCover.Mono.Reflection.dll
Symbol file LoadedFromMemory is not a mono symbol file
Symbol file data-000001C8C31EE050 doesn't match image C:\Users\vasek\OneDrive\Dokumenty\GitHub\Unity3D-FPS\Projekt-35\Library\ScriptAssemblies\UnityEngine.UI.dll
Symbol file LoadedFromMemory is not a mono symbol file
Symbol file data-000001C8C24B8030 doesn't match image C:\Users\vasek\OneDrive\Dokumenty\GitHub\Unity3D-FPS\Projekt-35\Library\ScriptAssemblies\Unity.VisualScripting.SettingsProvider.Editor.dll
Symbol file LoadedFromMemory is not a mono symbol file
Symbol file data-000001C8CD87B4F0 doesn't match image C:\Users\vasek\OneDrive\Dokumenty\GitHub\Unity3D-FPS\Projekt-35\Library\ScriptAssemblies\Unity.Performance.Profile-Analyzer.Editor.dll
Symbol file LoadedFromMemory is not a mono symbol file
Symbol file data-000001CA5FA56030 doesn't match image C:\Users\vasek\OneDrive\Dokumenty\GitHub\Unity3D-FPS\Projekt-35\Library\ScriptAssemblies\Unity.TestTools.CodeCoverage.Editor.dll
Symbol file LoadedFromMemory is not a mono symbol file
Symbol file data-000001CA5F7402B0 doesn't match image C:\Users\vasek\OneDrive\Dokumenty\GitHub\Unity3D-FPS\Projekt-35\Library\ScriptAssemblies\Unity.TestTools.CodeCoverage.Editor.OpenCover.Model.dll
Symbol file LoadedFromMemory is not a mono symbol file
Symbol file data-000001C8CB75D030 doesn't match image C:\Users\vasek\OneDrive\Dokumenty\GitHub\Unity3D-FPS\Projekt-35\Library\ScriptAssemblies\Unity.PlasticSCM.Editor.dll
Symbol file LoadedFromMemory is not a mono symbol file
Symbol file data-000001CA804D4B20 doesn't match image C:\Users\vasek\OneDrive\Dokumenty\GitHub\Unity3D-FPS\Projekt-35\Library\ScriptAssemblies\Unity.VisualScripting.State.Editor.dll
Symbol file LoadedFromMemory is not a mono symbol file
Symbol file data-000001CA3C275010 doesn't match image C:\Users\vasek\OneDrive\Dokumenty\GitHub\Unity3D-FPS\Projekt-35\Library\ScriptAssemblies\Unity.Timeline.Editor.dll
Symbol file LoadedFromMemory is not a mono symbol file
Symbol file data-000001CA5F7402B0 doesn't match image C:\Users\vasek\OneDrive\Dokumenty\GitHub\Unity3D-FPS\Projekt-35\Library\ScriptAssemblies\Unity.VisualScripting.Shared.Editor.dll
Symbol file LoadedFromMemory is not a mono symbol file
Symbol file data-000001CA5F7402B0 doesn't match image C:\Users\vasek\OneDrive\Dokumenty\GitHub\Unity3D-FPS\Projekt-35\Library\ScriptAssemblies\Unity.CollabProxy.Editor.dll
Symbol file LoadedFromMemory is not a mono symbol file
Symbol file data-000001CA80FA9C10 doesn't match image C:\Users\vasek\OneDrive\Dokumenty\GitHub\Unity3D-FPS\Projekt-35\Library\ScriptAssemblies\Unity.VisualStudio.Editor.dll
Symbol file LoadedFromMemory is not a mono symbol file
Symbol file data-000001CA3C3BE640 doesn't match image C:\Users\vasek\OneDrive\Dokumenty\GitHub\Unity3D-FPS\Projekt-35\Library\ScriptAssemblies\Unity.TextMeshPro.dll
Symbol file LoadedFromMemory is not a mono symbol file
Symbol file data-000001C8C1269010 doesn't match image C:\Users\vasek\OneDrive\Dokumenty\GitHub\Unity3D-FPS\Projekt-35\Library\ScriptAssemblies\Unity.VisualScripting.Core.dll
Symbol file LoadedFromMemory is not a mono symbol file
Symbol file data-000001CA808C7030 doesn't match image C:\Users\vasek\OneDrive\Dokumenty\GitHub\Unity3D-FPS\Projekt-35\Library\ScriptAssemblies\Unity.TextMeshPro.Editor.dll
Symbol file LoadedFromMemory is not a mono symbol file
Symbol file data-000001C8CAE48020 doesn't match image C:\Users\vasek\OneDrive\Dokumenty\GitHub\Unity3D-FPS\Projekt-35\Library\ScriptAssemblies\UnityEditor.UI.dll
Symbol file LoadedFromMemory is not a mono symbol file
Symbol file data-000001C8CD8D2CA0 doesn't match image C:\Users\vasek\OneDrive\Dokumenty\GitHub\Unity3D-FPS\Projekt-35\Library\ScriptAssemblies\Unity.VisualScripting.Core.Editor.dll
Symbol file LoadedFromMemory is not a mono symbol file
Symbol file data-000001CA80D85620 doesn't match image C:\Users\vasek\OneDrive\Dokumenty\GitHub\Unity3D-FPS\Projekt-35\Library\ScriptAssemblies\Unity.VisualScripting.State.dll
Symbol file LoadedFromMemory is not a mono symbol file
Symbol file data-000001CA80D85620 doesn't match image C:\Users\vasek\OneDrive\Dokumenty\GitHub\Unity3D-FPS\Projekt-35\Library\ScriptAssemblies\Unity.VSCode.Editor.dll
Symbol file LoadedFromMemory is not a mono symbol file
Symbol file data-000001C8C161E010 doesn't match image C:\Users\vasek\OneDrive\Dokumenty\GitHub\Unity3D-FPS\Projekt-35\Library\ScriptAssemblies\Unity.VisualScripting.Flow.dll
Symbol file LoadedFromMemory is not a mono symbol file
Symbol file data-000001C8C1F1B010 doesn't match image C:\Users\vasek\OneDrive\Dokumenty\GitHub\Unity3D-FPS\Projekt-35\Library\ScriptAssemblies\Unity.VisualScripting.Flow.Editor.dll
Symbol file LoadedFromMemory is not a mono symbol file
- Loaded All Assemblies, in  0.746 seconds
Refreshing native plugins compatible for Editor in 4.62 ms, found 3 plugins.
Native extension for WindowsStandalone target not found
[Package Manager] Server::EnsureServerProcessIsRunning -- launch failed, reason: Unity was launched with the -noUpm command-line argument
[Package Manager] UpmClient::Send -- Unable to send message (not connected to UPM process).
[Package Manager] Cannot connect to Unity Package Manager local server
Mono: successfully reloaded assembly
- Finished resetting the current domain, in  1.780 seconds
Domain Reload Profiling: 2525ms
	BeginReloadAssembly (308ms)
		ExecutionOrderSort (0ms)
		DisableScriptedObjects (11ms)
		BackupInstance (0ms)
		ReleaseScriptingObjects (0ms)
		CreateAndSetChildDomain (90ms)
	RebuildCommonClasses (56ms)
	RebuildNativeTypeToScriptingClass (14ms)
	initialDomainReloadingComplete (37ms)
	LoadAllAssembliesAndSetupDomain (329ms)
		LoadAssemblies (467ms)
		RebuildTransferFunctionScriptingTraits (0ms)
		AnalyzeDomain (19ms)
			TypeCache.Refresh (7ms)
				TypeCache.ScanAssembly (0ms)
			ScanForSourceGeneratedMonoScriptInfo (0ms)
			ResolveRequiredComponents (9ms)
	FinalizeReload (1781ms)
		ReleaseScriptCaches (0ms)
		RebuildScriptCaches (0ms)
		SetupLoadedEditorAssemblies (1093ms)
			LogAssemblyErrors (0ms)
			InitializePlatformSupportModulesInManaged (8ms)
			SetLoadedEditorAssemblies (6ms)
			RefreshPlugins (0ms)
			BeforeProcessingInitializeOnLoad (130ms)
			ProcessInitializeOnLoadAttributes (904ms)
			ProcessInitializeOnLoadMethodAttributes (37ms)
			AfterProcessingInitializeOnLoad (7ms)
			EditorAssembliesLoaded (0ms)
		ExecutionOrderSort2 (0ms)
		AwakeInstancesAfterBackupRestoration (10ms)
Refreshing native plugins compatible for Editor in 4.75 ms, found 3 plugins.
Preloading 0 native plugins for Editor in 0.00 ms.
Unloading 3136 Unused Serialized files (Serialized files now loaded: 0)
Unloading 23 unused Assets / (31.1 KB). Loaded Objects now: 3697.
Memory consumption went from 141.8 MB to 141.8 MB.
Total: 4.152500 ms (FindLiveObjects: 0.343200 ms CreateObjectMapping: 0.112300 ms MarkObjects: 3.616200 ms  DeleteObjects: 0.079300 ms)

Prepare: number of updated asset objects reloaded= 0
AssetImportParameters requested are different than current active one (requested -> active):
  custom:container-demuxer-ogg: 62fdf1f143b41e24485cea50d1cbac27 -> 
  custom:video-codec-MediaFoundation-h265: 746d11721c4dcdbdad8f713fa42b33f4 -> 
  custom:video-decoder-ogg-theora: a1e56fd34408186e4bbccfd4996cb3dc -> 
  custom:framework-win-MediaFoundation: 216162199b28c13a410421893ffa2e32 -> 
  custom:CustomObjectIndexerAttribute: 756ad292c208cfabdd7b50bc23989ffe -> 
  custom:container-demuxer-webm: 4f35f7cbe854078d1ac9338744f61a02 -> 
  custom:container-muxer-webm: aa71ff27fc2769a1b78a27578f13a17b -> 
  custom:video-decoder-webm-vp8: 9c59270c3fd7afecdb556c50c9e8de78 -> 
  custom:SearchIndexIgnoredProperties: e643bd26f0fe6173181afceb89e7c659 -> 
  custom:AudioImporter_EditorPlatform: d09bf68614088b80899f8185d706f6e7 -> 
  custom:video-encoder-webm-vp8: eb34c28f22e8b96e1ab97ce403110664 -> 
  custom:audio-decoder-ogg-vorbis: bf7c407c2cedff20999df2af8eb42d56 -> 
  custom:audio-encoder-webm-vorbis: bf7c407c2cedff20999df2af8eb42d56 -> 
========================================================================
Received Import Request.
  Time since last request: 860.827803 seconds.
  path: Assets/New Terrain.asset
  artifactKey: Guid(71e0c95aa68fac844949b329b083819b) Importer(815301076,1909f56bfc062723c751e8b465ee728b)
Start importing Assets/New Terrain.asset using Guid(71e0c95aa68fac844949b329b083819b) Importer(815301076,1909f56bfc062723c751e8b465ee728b)  -> (artifact id: '898a85174c1c3fa75c40e8943b873649') in 0.106060 seconds
Number of updated asset objects reloaded before import = 0
Number of asset objects unloaded after import = 3
